[2021-03-04 11:50:49 INFO  Server: <init> 20] Server started
[2021-03-04 11:51:35 INFO  Server: <init> 23] Client connected
[2021-03-04 11:52:31 INFO  Server: <init> 23] Client connected
[2021-03-04 11:54:00 INFO  Server: <init> 20] Server started
[2021-03-04 11:55:08 INFO  Server: <init> 23] Client connected
[2021-03-04 11:58:01 INFO  Server: <init> 20] Server started
[2021-03-04 11:58:22 INFO  Server: <init> 23] Client connected
[2021-03-04 11:58:30 INFO  ClientHandler: run 53] Client disconnected
[2021-03-04 12:14:32 INFO  Server: <init> 19] Server started
[2021-03-04 12:14:35 INFO  Server: <init> 22] Client connected
[2021-03-04 12:14:49 INFO  ClientHandler: run 40] UPLOAD FILE SUCCESSFUL
[2021-03-04 12:15:04 INFO  ClientHandler: run 55] Client disconnected
[2021-03-04 12:23:05 INFO  Server: <init> 19] Server started
[2021-03-04 12:23:10 INFO  Server: <init> 22] Client connected
[2021-03-04 12:23:21 INFO  ClientHandler: run 55] Client disconnected
[2021-03-04 12:23:45 INFO  Server: <init> 22] Client connected
[2021-03-04 12:24:57 INFO  ClientHandler: run 55] Client disconnected
[2021-03-04 12:24:59 INFO  Server: <init> 22] Client connected
[2021-03-04 12:25:13 INFO  ClientHandler: run 55] Client disconnected
[2021-03-04 12:25:14 INFO  Server: <init> 22] Client connected
[2021-03-04 12:25:20 INFO  ClientHandler: run 55] Client disconnected
[2021-03-04 12:26:01 INFO  Server: <init> 22] Client connected
[2021-03-04 12:26:12 INFO  ClientHandler: run 55] Client disconnected
[2021-03-04 12:26:14 INFO  Server: <init> 22] Client connected
[2021-03-04 12:26:19 INFO  ClientHandler: run 43] UPLOAD FILE ERROR
[2021-03-04 12:26:20 INFO  ClientHandler: run 43] UPLOAD FILE ERROR
[2021-03-04 12:26:25 INFO  ClientHandler: run 43] UPLOAD FILE ERROR
[2021-03-04 12:26:26 INFO  ClientHandler: run 43] UPLOAD FILE ERROR
[2021-03-04 12:26:38 INFO  ClientHandler: run 55] Client disconnected
[2021-03-04 12:31:50 INFO  Server: <init> 19] Server started
[2021-03-04 12:31:52 INFO  Server: <init> 22] Client connected
[2021-03-04 12:32:11 INFO  ClientHandler: run 55] Client disconnected
[2021-03-04 12:32:42 INFO  Server: <init> 22] Client connected
[2021-03-04 12:32:53 INFO  ClientHandler: run 55] Client disconnected
[2021-03-04 12:33:01 INFO  Server: <init> 22] Client connected
[2021-03-04 12:33:06 INFO  ClientHandler: run 43] UPLOAD FILE ERROR
[2021-03-04 12:33:10 INFO  ClientHandler: run 55] Client disconnected
[2021-03-04 12:33:30 INFO  Server: <init> 22] Client connected
[2021-03-04 12:34:30 INFO  ClientHandler: run 55] Client disconnected
[2021-03-04 12:34:32 INFO  Server: <init> 22] Client connected
[2021-03-04 12:34:53 INFO  ClientHandler: run 43] UPLOAD FILE ERROR
[2021-03-04 12:34:58 INFO  ClientHandler: run 55] Client disconnected
[2021-03-04 12:35:27 INFO  Server: <init> 19] Server started
[2021-03-04 12:35:30 INFO  Server: <init> 22] Client connected
[2021-03-04 12:35:36 INFO  ClientHandler: run 40] UPLOAD FILE SUCCESSFUL
[2021-03-04 12:35:46 INFO  ClientHandler: run 55] Client disconnected
[2021-03-04 13:33:09 INFO  Server: <init> 19] Server started
[2021-03-04 13:33:13 INFO  Server: <init> 22] Client connected
[2021-03-04 13:33:46 INFO  ClientHandler: run 55] Client disconnected
[2021-03-04 13:33:47 INFO  Server: <init> 22] Client connected
[2021-03-04 13:37:46 INFO  Server: <init> 19] Server started
[2021-03-04 13:37:48 INFO  Server: <init> 22] Client connected
[2021-03-04 13:38:08 INFO  ClientHandler: run 55] Client disconnected
[2021-03-04 13:38:10 INFO  Server: <init> 22] Client connected
[2021-03-04 13:38:12 INFO  ClientHandler: run 43] UPLOAD FILE ERROR
[2021-03-04 13:38:12 INFO  ClientHandler: run 43] UPLOAD FILE ERROR
[2021-03-04 13:38:12 INFO  ClientHandler: run 43] UPLOAD FILE ERROR
[2021-03-04 13:38:12 INFO  ClientHandler: run 43] UPLOAD FILE ERROR
[2021-03-04 13:38:12 INFO  ClientHandler: run 43] UPLOAD FILE ERROR
[2021-03-04 13:38:13 INFO  ClientHandler: run 43] UPLOAD FILE ERROR
[2021-03-04 13:38:20 INFO  ClientHandler: run 55] Client disconnected
[2021-03-04 13:38:39 INFO  Server: <init> 22] Client connected
[2021-03-04 13:38:42 INFO  ClientHandler: run 43] UPLOAD FILE ERROR
[2021-03-04 13:38:44 INFO  ClientHandler: run 43] UPLOAD FILE ERROR
[2021-03-04 13:38:45 INFO  ClientHandler: run 43] UPLOAD FILE ERROR
[2021-03-04 13:38:50 INFO  ClientHandler: run 55] Client disconnected
[2021-03-04 13:43:31 INFO  Server: <init> 19] Server started
[2021-03-04 13:43:32 INFO  Server: <init> 22] Client connected
[2021-03-04 13:43:35 INFO  ClientHandler: run 43] UPLOAD FILE ERROR
[2021-03-04 13:44:52 INFO  ClientHandler: run 40] UPLOAD FILE SUCCESSFUL
[2021-03-04 13:45:01 INFO  ClientHandler: run 40] UPLOAD FILE SUCCESSFUL
[2021-03-04 13:45:07 INFO  ClientHandler: run 40] UPLOAD FILE SUCCESSFUL
[2021-03-04 13:45:11 INFO  ClientHandler: run 40] UPLOAD FILE SUCCESSFUL
[2021-03-04 13:45:12 INFO  ClientHandler: run 40] UPLOAD FILE SUCCESSFUL
[2021-03-04 13:45:16 INFO  ClientHandler: run 40] UPLOAD FILE SUCCESSFUL
[2021-03-04 13:45:26 INFO  ClientHandler: run 40] UPLOAD FILE SUCCESSFUL
[2021-03-04 13:45:39 INFO  ClientHandler: run 40] UPLOAD FILE SUCCESSFUL
[2021-03-04 13:54:54 INFO  Server: <init> 19] Server started
[2021-03-04 13:54:58 INFO  Server: <init> 22] Client connected
[2021-03-04 13:55:04 INFO  ClientHandler: run 40] UPLOAD FILE SUCCESSFUL
[2021-03-04 13:56:53 INFO  Server: <init> 19] Server started
[2021-03-04 13:56:56 INFO  Server: <init> 22] Client connected
[2021-03-04 13:57:04 INFO  ClientHandler: run 49] File removed
[2021-03-04 13:57:39 INFO  ClientHandler: run 40] UPLOAD FILE SUCCESSFUL
[2021-03-04 13:57:54 INFO  ClientHandler: run 40] UPLOAD FILE SUCCESSFUL
[2021-03-04 13:57:59 INFO  ClientHandler: run 49] File removed
[2021-03-04 13:58:08 INFO  ClientHandler: run 52] REMOVE FILE ERROR
[2021-03-04 13:58:16 INFO  ClientHandler: run 49] File removed
[2021-03-04 13:58:22 INFO  ClientHandler: run 62] Client disconnected
[2021-03-04 14:17:18 INFO  Server: <init> 17] Server started
[2021-03-04 14:17:20 INFO  Server: <init> 20] Client connected
[2021-03-04 14:19:14 INFO  Server: <init> 17] Server started
[2021-03-04 14:19:17 INFO  Server: <init> 20] Client connected
[2021-03-04 14:19:35 INFO  ClientHandler: run 40] UPLOAD FILE SUCCESSFUL
[2021-03-04 14:31:04 INFO  Server: <init> 17] Server started
[2021-03-04 14:31:08 INFO  Server: <init> 20] Client connected
[2021-03-04 14:34:36 INFO  Server: <init> 17] Server started
[2021-03-04 14:34:38 INFO  Server: <init> 20] Client connected
[2021-03-04 14:34:59 INFO  ClientHandler: run 49] File removed
[2021-03-04 14:35:07 INFO  ClientHandler: run 40] UPLOAD FILE SUCCESSFUL
[2021-03-04 14:35:35 INFO  Server: <init> 17] Server started
[2021-03-04 14:35:37 INFO  Server: <init> 20] Client connected
[2021-03-04 14:36:04 INFO  ClientHandler: run 52] REMOVE FILE ERROR
[2021-03-04 14:36:19 INFO  ClientHandler: run 52] REMOVE FILE ERROR
[2021-03-04 14:36:35 INFO  ClientHandler: run 40] UPLOAD FILE SUCCESSFUL
[2021-03-04 14:36:41 INFO  ClientHandler: run 49] File removed
[2021-03-04 14:36:51 INFO  ClientHandler: run 52] REMOVE FILE ERROR
[2021-03-04 14:37:00 INFO  ClientHandler: run 49] File removed
[2021-03-04 14:37:09 INFO  ClientHandler: run 52] REMOVE FILE ERROR
[2021-03-04 14:37:11 INFO  ClientHandler: run 52] REMOVE FILE ERROR
[2021-03-04 14:37:18 INFO  ClientHandler: run 52] REMOVE FILE ERROR
[2021-03-04 14:37:52 INFO  ClientHandler: run 52] REMOVE FILE ERROR
[2021-03-04 14:37:59 INFO  ClientHandler: run 40] UPLOAD FILE SUCCESSFUL
[2021-03-04 14:38:03 INFO  ClientHandler: run 40] UPLOAD FILE SUCCESSFUL
[2021-03-04 14:38:06 INFO  ClientHandler: run 40] UPLOAD FILE SUCCESSFUL
[2021-03-04 14:38:13 INFO  ClientHandler: run 52] REMOVE FILE ERROR
[2021-03-04 14:38:16 INFO  ClientHandler: run 49] File removed
[2021-03-04 14:40:37 INFO  Server: <init> 17] Server started
[2021-03-04 14:40:40 INFO  Server: <init> 20] Client connected
[2021-03-04 14:40:43 INFO  ClientHandler: run 43] UPLOAD FILE ERROR
[2021-03-04 14:40:51 INFO  ClientHandler: run 40] UPLOAD FILE SUCCESSFUL
[2021-03-04 14:41:00 INFO  ClientHandler: run 40] UPLOAD FILE SUCCESSFUL
[2021-03-04 14:41:04 INFO  ClientHandler: run 40] UPLOAD FILE SUCCESSFUL
[2021-03-04 14:41:07 INFO  ClientHandler: run 40] UPLOAD FILE SUCCESSFUL
[2021-03-04 14:41:18 INFO  ClientHandler: run 49] File removed
[2021-03-04 14:42:37 INFO  ClientHandler: run 52] REMOVE FILE ERROR
[2021-03-04 14:43:02 INFO  ClientHandler: run 52] REMOVE FILE ERROR
[2021-03-04 14:43:03 INFO  ClientHandler: run 52] REMOVE FILE ERROR
[2021-03-04 14:43:03 INFO  ClientHandler: run 52] REMOVE FILE ERROR
[2021-03-04 14:43:04 INFO  ClientHandler: run 52] REMOVE FILE ERROR
[2021-03-04 14:43:27 INFO  Server: <init> 17] Server started
[2021-03-04 14:43:29 INFO  Server: <init> 20] Client connected
[2021-03-04 14:43:38 INFO  ClientHandler: run 40] UPLOAD FILE SUCCESSFUL
[2021-03-04 14:43:46 INFO  ClientHandler: run 40] UPLOAD FILE SUCCESSFUL
[2021-03-04 14:43:53 INFO  ClientHandler: run 49] File removed
[2021-03-04 14:44:00 INFO  ClientHandler: run 40] UPLOAD FILE SUCCESSFUL
[2021-03-04 14:44:15 INFO  ClientHandler: run 40] UPLOAD FILE SUCCESSFUL
[2021-03-04 14:45:01 INFO  Server: <init> 17] Server started
[2021-03-04 14:45:03 INFO  Server: <init> 20] Client connected
[2021-03-04 14:45:09 INFO  ClientHandler: run 81] Client disconnected
[2021-03-04 14:45:19 INFO  Server: <init> 20] Client connected
[2021-03-04 14:45:27 INFO  ClientHandler: run 73] DOWNLOAD FILE SUCCESSFUL
[2021-03-04 14:45:36 INFO  ClientHandler: run 73] DOWNLOAD FILE SUCCESSFUL
[2021-03-04 14:45:42 INFO  ClientHandler: run 52] REMOVE FILE ERROR
[2021-03-04 14:45:46 INFO  ClientHandler: run 52] REMOVE FILE ERROR
[2021-03-04 14:45:54 INFO  ClientHandler: run 49] File removed
[2021-03-04 14:46:34 INFO  ClientHandler: run 81] Client disconnected
[2021-03-04 14:46:39 INFO  Server: <init> 20] Client connected
[2021-03-04 14:46:48 INFO  ClientHandler: run 52] REMOVE FILE ERROR
[2021-03-04 14:46:50 INFO  ClientHandler: run 52] REMOVE FILE ERROR
[2021-03-04 14:46:51 INFO  ClientHandler: run 52] REMOVE FILE ERROR
[2021-03-04 14:46:52 INFO  ClientHandler: run 52] REMOVE FILE ERROR
[2021-03-04 14:46:52 INFO  ClientHandler: run 52] REMOVE FILE ERROR
[2021-03-04 14:46:53 INFO  ClientHandler: run 52] REMOVE FILE ERROR
[2021-03-04 14:46:53 INFO  ClientHandler: run 52] REMOVE FILE ERROR
[2021-03-04 14:46:54 INFO  ClientHandler: run 52] REMOVE FILE ERROR
[2021-03-04 14:49:27 INFO  Server: <init> 17] Server started
[2021-03-04 14:49:29 INFO  Server: <init> 20] Client connected
[2021-03-04 14:49:34 INFO  ClientHandler: run 43] UPLOAD FILE ERROR
[2021-03-04 14:49:42 INFO  Server: <init> 17] Server started
[2021-03-04 14:49:44 INFO  Server: <init> 20] Client connected
[2021-03-04 14:49:54 INFO  ClientHandler: run 40] UPLOAD FILE SUCCESSFUL
[2021-03-04 14:50:08 INFO  ClientHandler: run 40] UPLOAD FILE SUCCESSFUL
[2021-03-04 14:50:18 INFO  ClientHandler: run 49] File removed
[2021-03-04 14:53:18 INFO  ClientHandler: run 40] UPLOAD FILE SUCCESSFUL
[2021-03-04 14:53:22 INFO  ClientHandler: run 40] UPLOAD FILE SUCCESSFUL
[2021-03-04 14:53:25 INFO  ClientHandler: run 40] UPLOAD FILE SUCCESSFUL
[2021-03-04 14:53:29 INFO  ClientHandler: run 49] File removed
[2021-03-04 14:53:37 INFO  ClientHandler: run 49] File removed
[2021-03-04 14:53:44 INFO  ClientHandler: run 49] File removed
[2021-03-04 14:53:50 INFO  ClientHandler: run 40] UPLOAD FILE SUCCESSFUL
[2021-03-04 14:53:53 INFO  ClientHandler: run 40] UPLOAD FILE SUCCESSFUL
[2021-03-04 14:53:55 INFO  ClientHandler: run 40] UPLOAD FILE SUCCESSFUL
[2021-03-04 14:54:36 INFO  ClientHandler: run 79] Client disconnected
[2021-03-04 14:55:05 INFO  Server: <init> 17] Server started
[2021-03-04 14:55:07 INFO  Server: <init> 20] Client connected
[2021-03-04 14:55:14 INFO  ClientHandler: run 71] DOWNLOAD FILE SUCCESSFUL
[2021-03-04 14:55:26 INFO  ClientHandler: run 71] DOWNLOAD FILE SUCCESSFUL
[2021-03-04 14:55:29 INFO  ClientHandler: run 71] DOWNLOAD FILE SUCCESSFUL
[2021-03-04 14:55:33 INFO  ClientHandler: run 52] REMOVE FILE ERROR
[2021-03-04 14:55:59 INFO  Server: <init> 17] Server started
[2021-03-04 14:56:01 INFO  Server: <init> 20] Client connected
[2021-03-04 14:56:09 INFO  ClientHandler: run 40] UPLOAD FILE SUCCESSFUL
[2021-03-04 14:57:34 INFO  Server: <init> 17] Server started
[2021-03-04 14:57:36 INFO  Server: <init> 20] Client connected
[2021-03-04 14:57:43 INFO  ClientHandler: run 40] UPLOAD FILE SUCCESSFUL
[2021-03-04 14:58:06 INFO  ClientHandler: run 40] UPLOAD FILE SUCCESSFUL
[2021-03-04 14:59:14 INFO  Server: <init> 17] Server started
[2021-03-04 14:59:15 INFO  Server: <init> 20] Client connected
[2021-03-04 14:59:22 INFO  ClientHandler: run 71] DOWNLOAD FILE SUCCESSFUL
[2021-03-04 14:59:30 INFO  ClientHandler: run 49] File removed
[2021-03-04 14:59:37 INFO  ClientHandler: run 40] UPLOAD FILE SUCCESSFUL
[2021-03-04 14:59:43 INFO  ClientHandler: run 49] File removed
[2021-03-04 14:59:50 INFO  ClientHandler: run 71] DOWNLOAD FILE SUCCESSFUL
[2021-03-04 14:59:53 INFO  ClientHandler: run 71] DOWNLOAD FILE SUCCESSFUL
[2021-03-04 14:59:58 INFO  ClientHandler: run 49] File removed
[2021-03-04 15:00:01 INFO  ClientHandler: run 49] File removed
[2021-03-04 15:00:07 INFO  ClientHandler: run 40] UPLOAD FILE SUCCESSFUL
[2021-03-04 15:00:09 INFO  ClientHandler: run 40] UPLOAD FILE SUCCESSFUL
[2021-03-04 15:00:13 INFO  ClientHandler: run 40] UPLOAD FILE SUCCESSFUL
[2021-03-04 15:00:22 INFO  ClientHandler: run 71] DOWNLOAD FILE SUCCESSFUL
[2021-03-04 15:00:25 INFO  ClientHandler: run 71] DOWNLOAD FILE SUCCESSFUL
[2021-03-04 15:00:29 INFO  ClientHandler: run 71] DOWNLOAD FILE SUCCESSFUL
[2021-03-04 15:00:34 INFO  ClientHandler: run 49] File removed
[2021-03-04 15:00:37 INFO  ClientHandler: run 49] File removed
[2021-03-04 15:00:41 INFO  ClientHandler: run 49] File removed
[2021-03-04 15:07:38 INFO  Server: <init> 17] Server started
[2021-03-04 15:07:41 INFO  Server: <init> 20] Client connected
[2021-03-04 15:10:12 INFO  ClientHandler: run 79] Client disconnected
[2021-03-04 15:10:14 INFO  Server: <init> 20] Client connected
[2021-03-04 15:10:28 INFO  ClientHandler: run 79] Client disconnected
[2021-03-04 15:10:30 INFO  Server: <init> 20] Client connected
[2021-03-04 15:14:04 INFO  Server: <init> 17] Server started
[2021-03-04 15:14:06 INFO  Server: <init> 20] Client connected
[2021-03-04 15:14:19 INFO  ClientHandler: run 79] Client disconnected
[2021-03-04 15:28:16 INFO  Server: <init> 20] Client connected
[2021-03-04 15:28:32 INFO  ClientHandler: run 79] Client disconnected
[2021-03-04 15:28:33 INFO  Server: <init> 20] Client connected
[2021-03-04 15:28:56 INFO  ClientHandler: run 79] Client disconnected
[2021-03-04 15:28:58 INFO  Server: <init> 20] Client connected
[2021-03-04 15:29:05 INFO  ClientHandler: run 79] Client disconnected
[2021-03-04 15:29:07 INFO  Server: <init> 20] Client connected
[2021-03-04 15:32:57 INFO  ClientHandler: run 79] Client disconnected
[2021-03-04 15:32:59 INFO  Server: <init> 20] Client connected
[2021-03-04 15:33:11 INFO  ClientHandler: run 79] Client disconnected
[2021-03-04 15:33:12 INFO  Server: <init> 20] Client connected
[2021-03-04 15:33:26 INFO  ClientHandler: run 43] UPLOAD FILE ERROR
[2021-03-04 15:33:33 INFO  ClientHandler: run 40] UPLOAD FILE SUCCESSFUL
[2021-03-04 15:39:53 INFO  Server: <init> 17] Server started
[2021-03-04 15:39:55 INFO  Server: <init> 20] Client connected
[2021-03-04 15:40:07 INFO  ClientHandler: run 79] Client disconnected
[2021-03-04 15:40:08 INFO  Server: <init> 20] Client connected
[2021-03-04 15:41:19 INFO  ClientHandler: run 79] Client disconnected
[2021-03-04 15:41:21 INFO  Server: <init> 20] Client connected
[2021-03-04 15:41:41 INFO  ClientHandler: run 79] Client disconnected
[2021-03-04 15:41:43 INFO  Server: <init> 20] Client connected
[2021-03-04 15:41:50 INFO  ClientHandler: run 79] Client disconnected
[2021-03-04 15:43:05 INFO  Server: <init> 20] Client connected
[2021-03-04 15:43:19 INFO  ClientHandler: run 79] Client disconnected
[2021-03-04 15:43:20 INFO  Server: <init> 20] Client connected
[2021-03-04 15:46:05 INFO  ClientHandler: run 79] Client disconnected
[2021-03-04 15:46:07 INFO  Server: <init> 20] Client connected
[2021-03-04 15:46:12 INFO  ClientHandler: run 40] UPLOAD FILE SUCCESSFUL
[2021-03-04 15:46:18 INFO  ClientHandler: run 49] File removed
[2021-03-04 15:46:54 INFO  ClientHandler: run 40] UPLOAD FILE SUCCESSFUL
[2021-03-04 15:47:04 INFO  ClientHandler: run 71] DOWNLOAD FILE SUCCESSFUL
[2021-03-04 15:47:14 INFO  ClientHandler: run 40] UPLOAD FILE SUCCESSFUL
[2021-03-04 15:47:15 INFO  ClientHandler: run 40] UPLOAD FILE SUCCESSFUL
[2021-03-04 15:47:16 INFO  ClientHandler: run 40] UPLOAD FILE SUCCESSFUL
[2021-03-04 15:47:17 INFO  ClientHandler: run 40] UPLOAD FILE SUCCESSFUL
[2021-03-04 15:47:31 INFO  ClientHandler: run 71] DOWNLOAD FILE SUCCESSFUL
[2021-03-04 15:47:33 INFO  ClientHandler: run 71] DOWNLOAD FILE SUCCESSFUL
[2021-03-04 15:47:34 INFO  ClientHandler: run 71] DOWNLOAD FILE SUCCESSFUL
[2021-03-04 15:47:36 INFO  ClientHandler: run 71] DOWNLOAD FILE SUCCESSFUL
[2021-03-04 15:47:46 INFO  ClientHandler: run 49] File removed
[2021-03-04 15:47:47 INFO  ClientHandler: run 49] File removed
[2021-03-04 15:47:48 INFO  ClientHandler: run 49] File removed
[2021-03-04 15:47:50 INFO  ClientHandler: run 49] File removed
[2021-03-04 15:50:21 INFO  Server: <init> 17] Server started
[2021-03-04 15:50:22 INFO  Server: <init> 20] Client connected
[2021-03-04 15:51:51 INFO  ClientHandler: run 79] Client disconnected
[2021-03-04 15:51:53 INFO  Server: <init> 20] Client connected
[2021-03-04 15:52:29 INFO  ClientHandler: run 79] Client disconnected
[2021-03-04 15:52:42 INFO  Server: <init> 20] Client connected
[2021-03-04 15:57:41 INFO  Server: <init> 17] Server started
[2021-03-04 15:57:43 INFO  Server: <init> 20] Client connected
[2021-03-04 15:57:48 INFO  ClientHandler: run 40] UPLOAD FILE SUCCESSFUL
[2021-03-04 15:57:50 INFO  ClientHandler: run 40] UPLOAD FILE SUCCESSFUL
[2021-03-04 15:57:51 INFO  ClientHandler: run 40] UPLOAD FILE SUCCESSFUL
[2021-03-04 15:57:52 INFO  ClientHandler: run 40] UPLOAD FILE SUCCESSFUL
[2021-03-04 15:58:09 INFO  ClientHandler: run 71] DOWNLOAD FILE SUCCESSFUL
[2021-03-04 15:58:10 INFO  ClientHandler: run 71] DOWNLOAD FILE SUCCESSFUL
[2021-03-04 15:58:12 INFO  ClientHandler: run 71] DOWNLOAD FILE SUCCESSFUL
[2021-03-04 15:58:13 INFO  ClientHandler: run 71] DOWNLOAD FILE SUCCESSFUL
[2021-03-04 15:58:20 INFO  ClientHandler: run 49] File removed
[2021-03-04 15:58:21 INFO  ClientHandler: run 49] File removed
[2021-03-04 15:58:23 INFO  ClientHandler: run 49] File removed
[2021-03-04 15:58:24 INFO  ClientHandler: run 49] File removed
[2021-03-04 15:58:29 INFO  ClientHandler: run 79] Client disconnected
[2021-03-04 18:12:53 INFO  Server: <init> 17] Server started
[2021-03-04 18:13:01 INFO  Server: <init> 17] Server started
[2021-03-04 18:13:07 INFO  Server: <init> 20] Client connected
[2021-03-04 18:14:01 INFO  Server: <init> 17] Server started
[2021-03-04 18:14:07 INFO  Server: <init> 17] Server started
[2021-03-04 18:14:10 INFO  Server: <init> 20] Client connected
[2021-03-04 18:16:16 INFO  ClientHandler: run 83] Client disconnected
[2021-03-04 18:16:21 INFO  Server: <init> 20] Client connected
[2021-03-04 18:16:41 INFO  Server: <init> 17] Server started
[2021-03-04 18:16:43 INFO  Server: <init> 20] Client connected
[2021-03-04 18:17:32 INFO  Server: <init> 17] Server started
[2021-03-04 18:17:35 INFO  Server: <init> 20] Client connected
[2021-03-04 18:18:38 INFO  Server: <init> 17] Server started
[2021-03-04 18:18:41 INFO  Server: <init> 20] Client connected
[2021-03-04 18:20:49 INFO  Server: <init> 17] Server started
[2021-03-04 18:20:52 INFO  Server: <init> 20] Client connected
[2021-03-04 18:24:02 INFO  Server: <init> 17] Server started
[2021-03-04 18:24:05 INFO  Server: <init> 20] Client connected
[2021-03-04 18:25:27 INFO  ClientHandler: run 85] Client disconnected
[2021-03-04 18:26:21 INFO  Server: <init> 20] Client connected
[2021-03-04 18:26:35 INFO  ClientHandler: run 85] Client disconnected
[2021-03-04 18:26:37 INFO  Server: <init> 20] Client connected
[2021-03-04 18:27:08 INFO  ClientHandler: run 43] UPLOAD FILE SUCCESSFUL
[2021-03-04 18:29:19 INFO  Server: <init> 17] Server started
[2021-03-04 18:29:33 INFO  Server: <init> 20] Client connected
[2021-03-04 18:29:43 INFO  ClientHandler: run 44] UPLOAD FILE SUCCESSFUL
[2021-03-04 18:29:44 INFO  ClientHandler: run 44] UPLOAD FILE SUCCESSFUL
[2021-03-04 18:29:54 INFO  Server: <init> 17] Server started
[2021-03-04 18:29:56 INFO  Server: <init> 20] Client connected
[2021-03-04 20:48:34 INFO  Server: <init> 17] Server started
[2021-03-04 20:49:06 INFO  Server: <init> 20] Client connected
[2021-03-04 20:49:35 INFO  ClientHandler: run 44] UPLOAD FILE SUCCESSFUL
[2021-03-04 20:51:22 INFO  Server: <init> 17] Server started
[2021-03-04 20:51:24 INFO  Server: <init> 20] Client connected
[2021-03-04 20:53:14 INFO  Server: <init> 17] Server started
[2021-03-04 20:53:18 INFO  Server: <init> 20] Client connected
[2021-03-04 20:54:04 INFO  ClientHandler: run 43] UPLOAD FILE SUCCESSFUL
[2021-03-04 20:54:10 INFO  ClientHandler: run 52] File removed
[2021-03-04 20:54:27 INFO  ClientHandler: run 74] DOWNLOAD FILE SUCCESSFUL
[2021-03-04 20:54:33 INFO  ClientHandler: run 74] DOWNLOAD FILE SUCCESSFUL
[2021-03-04 20:54:40 INFO  ClientHandler: run 52] File removed
[2021-03-04 20:54:42 INFO  ClientHandler: run 52] File removed
[2021-03-04 20:54:54 INFO  ClientHandler: run 43] UPLOAD FILE SUCCESSFUL
[2021-03-04 20:54:55 INFO  ClientHandler: run 43] UPLOAD FILE SUCCESSFUL
[2021-03-04 20:54:56 INFO  ClientHandler: run 43] UPLOAD FILE SUCCESSFUL
[2021-03-04 20:54:57 INFO  ClientHandler: run 43] UPLOAD FILE SUCCESSFUL
[2021-03-04 20:55:04 INFO  ClientHandler: run 84] Client disconnected
[2021-03-04 20:57:18 INFO  Server: <init> 20] Client connected
[2021-03-04 20:58:01 INFO  ClientHandler: run 84] Client disconnected
[2021-03-04 20:58:10 INFO  Server: <init> 20] Client connected
[2021-03-04 20:58:19 INFO  ClientHandler: run 84] Client disconnected
[2021-03-04 21:00:35 INFO  Server: <init> 20] Client connected
[2021-03-04 21:00:40 INFO  ClientHandler: run 84] Client disconnected
[2021-03-04 21:01:14 INFO  Server: <init> 20] Client connected
[2021-03-04 21:02:31 INFO  Server: <init> 17] Server started
[2021-03-04 21:02:35 INFO  Server: <init> 20] Client connected
[2021-03-04 21:02:42 INFO  ClientHandler: run 82] Client disconnected
[2021-03-04 21:02:52 INFO  Server: <init> 20] Client connected
[2021-03-04 21:03:13 INFO  Server: <init> 17] Server started
[2021-03-04 21:03:16 INFO  Server: <init> 20] Client connected
[2021-03-04 21:09:06 INFO  Server: <init> 17] Server started
[2021-03-04 21:09:08 INFO  Server: <init> 20] Client connected
[2021-03-04 21:09:16 INFO  ClientHandler: run 41] UPLOAD FILE SUCCESSFUL
[2021-03-04 21:09:25 INFO  ClientHandler: run 41] UPLOAD FILE SUCCESSFUL
[2021-03-04 21:10:15 INFO  ClientHandler: run 82] Client disconnected
[2021-03-04 21:10:18 INFO  Server: <init> 20] Client connected
[2021-03-04 21:10:24 INFO  ClientHandler: run 41] UPLOAD FILE SUCCESSFUL
[2021-03-04 21:13:27 INFO  Server: <init> 17] Server started
[2021-03-04 21:13:29 INFO  Server: <init> 20] Client connected
[2021-03-04 21:13:39 INFO  ClientHandler: run 41] UPLOAD FILE SUCCESSFUL
[2021-03-04 21:13:47 INFO  ClientHandler: run 50] File removed
[2021-03-04 21:14:20 INFO  ClientHandler: run 82] Client disconnected
[2021-03-04 21:14:25 INFO  Server: <init> 20] Client connected
[2021-03-04 21:14:28 INFO  ClientHandler: run 50] File removed
[2021-03-04 21:16:34 INFO  Server: <init> 17] Server started
[2021-03-04 21:16:37 INFO  Server: <init> 20] Client connected
[2021-03-04 21:16:46 INFO  ClientHandler: run 41] UPLOAD FILE SUCCESSFUL
[2021-03-04 21:16:52 INFO  ClientHandler: run 41] UPLOAD FILE SUCCESSFUL
[2021-03-04 21:16:56 INFO  ClientHandler: run 41] UPLOAD FILE SUCCESSFUL
[2021-03-04 21:17:02 INFO  ClientHandler: run 41] UPLOAD FILE SUCCESSFUL
[2021-03-04 21:17:18 INFO  ClientHandler: run 72] DOWNLOAD FILE SUCCESSFUL
[2021-03-04 21:18:31 INFO  ClientHandler: run 72] DOWNLOAD FILE SUCCESSFUL
[2021-03-04 21:18:35 INFO  ClientHandler: run 72] DOWNLOAD FILE SUCCESSFUL
[2021-03-04 21:18:39 INFO  ClientHandler: run 72] DOWNLOAD FILE SUCCESSFUL
[2021-03-04 21:18:48 INFO  ClientHandler: run 50] File removed
[2021-03-04 21:18:54 INFO  ClientHandler: run 50] File removed
[2021-03-04 21:18:59 INFO  ClientHandler: run 50] File removed
[2021-03-04 21:19:03 INFO  ClientHandler: run 50] File removed
[2021-03-04 21:19:54 INFO  ClientHandler: run 41] UPLOAD FILE SUCCESSFUL
[2021-03-04 21:20:11 INFO  ClientHandler: run 41] UPLOAD FILE SUCCESSFUL
[2021-03-04 21:20:13 INFO  ClientHandler: run 41] UPLOAD FILE SUCCESSFUL
[2021-03-04 21:20:20 INFO  ClientHandler: run 41] UPLOAD FILE SUCCESSFUL
[2021-03-04 21:20:27 INFO  ClientHandler: run 50] File removed
[2021-03-04 21:23:59 INFO  Server: <init> 17] Server started
[2021-03-04 21:24:02 INFO  Server: <init> 20] Client connected
[2021-03-04 21:24:06 INFO  ClientHandler: run 44] UPLOAD FILE ERROR
[2021-03-04 21:24:20 INFO  ClientHandler: run 41] UPLOAD FILE SUCCESSFUL
[2021-03-04 21:24:33 INFO  ClientHandler: run 41] UPLOAD FILE SUCCESSFUL
[2021-03-04 21:24:46 INFO  ClientHandler: run 50] File removed
[2021-03-04 21:25:41 INFO  Server: <init> 17] Server started
[2021-03-04 21:25:44 INFO  Server: <init> 20] Client connected
[2021-03-04 21:25:48 INFO  ClientHandler: run 50] File removed
[2021-03-04 21:26:05 INFO  ClientHandler: run 41] UPLOAD FILE SUCCESSFUL
[2021-03-04 21:26:20 INFO  ClientHandler: run 41] UPLOAD FILE SUCCESSFUL
[2021-03-04 21:26:32 INFO  ClientHandler: run 72] DOWNLOAD FILE SUCCESSFUL
[2021-03-04 21:26:36 INFO  ClientHandler: run 72] DOWNLOAD FILE SUCCESSFUL
[2021-03-04 21:26:38 INFO  ClientHandler: run 72] DOWNLOAD FILE SUCCESSFUL
[2021-03-04 21:26:39 INFO  ClientHandler: run 72] DOWNLOAD FILE SUCCESSFUL
[2021-03-04 21:26:58 INFO  ClientHandler: run 50] File removed
[2021-03-04 21:27:00 INFO  ClientHandler: run 50] File removed
[2021-03-04 21:27:02 INFO  ClientHandler: run 50] File removed
[2021-03-04 21:27:06 INFO  ClientHandler: run 50] File removed
[2021-03-04 21:27:43 INFO  ClientHandler: run 41] UPLOAD FILE SUCCESSFUL
[2021-03-04 21:27:47 INFO  ClientHandler: run 41] UPLOAD FILE SUCCESSFUL
[2021-03-04 21:27:49 INFO  ClientHandler: run 41] UPLOAD FILE SUCCESSFUL
[2021-03-04 21:27:52 INFO  ClientHandler: run 41] UPLOAD FILE SUCCESSFUL
[2021-03-04 21:28:20 INFO  ClientHandler: run 50] File removed
[2021-03-04 21:28:22 INFO  ClientHandler: run 50] File removed
[2021-03-04 21:28:23 INFO  ClientHandler: run 50] File removed
[2021-03-04 21:28:28 INFO  ClientHandler: run 50] File removed
[2021-03-04 21:29:03 INFO  ClientHandler: run 44] UPLOAD FILE ERROR
[2021-03-04 21:29:04 INFO  ClientHandler: run 82] Client disconnected
[2021-03-04 21:29:59 INFO  Server: <init> 17] Server started
[2021-03-04 21:30:00 INFO  Server: <init> 20] Client connected
[2021-03-04 21:30:06 INFO  ClientHandler: run 72] DOWNLOAD FILE SUCCESSFUL
[2021-03-04 21:30:08 INFO  ClientHandler: run 72] DOWNLOAD FILE SUCCESSFUL
[2021-03-04 21:30:10 INFO  ClientHandler: run 72] DOWNLOAD FILE SUCCESSFUL
[2021-03-04 21:30:11 INFO  ClientHandler: run 72] DOWNLOAD FILE SUCCESSFUL
[2021-03-04 21:30:24 INFO  ClientHandler: run 50] File removed
[2021-03-04 21:30:25 INFO  ClientHandler: run 50] File removed
[2021-03-04 21:30:27 INFO  ClientHandler: run 50] File removed
[2021-03-04 21:30:28 INFO  ClientHandler: run 50] File removed
[2021-03-04 21:30:49 INFO  ClientHandler: run 41] UPLOAD FILE SUCCESSFUL
[2021-03-04 21:30:53 INFO  ClientHandler: run 41] UPLOAD FILE SUCCESSFUL
[2021-03-04 21:30:55 INFO  ClientHandler: run 41] UPLOAD FILE SUCCESSFUL
[2021-03-04 21:31:16 INFO  ClientHandler: run 41] UPLOAD FILE SUCCESSFUL
[2021-03-04 21:31:22 INFO  ClientHandler: run 50] File removed
[2021-03-04 21:31:24 INFO  ClientHandler: run 50] File removed
[2021-03-04 21:38:57 INFO  Server: <init> 17] Server started
[2021-03-04 21:39:05 INFO  Server: <init> 20] Client connected
[2021-03-04 21:39:20 INFO  ClientHandler: run 38] UPLOAD FILE SUCCESSFUL
[2021-03-04 21:39:24 INFO  ClientHandler: run 38] UPLOAD FILE SUCCESSFUL
[2021-03-04 21:39:27 INFO  ClientHandler: run 38] UPLOAD FILE SUCCESSFUL
[2021-03-04 21:39:36 INFO  ClientHandler: run 38] UPLOAD FILE SUCCESSFUL
[2021-03-04 21:40:00 INFO  ClientHandler: run 69] DOWNLOAD FILE SUCCESSFUL
[2021-03-04 21:40:06 INFO  ClientHandler: run 69] DOWNLOAD FILE SUCCESSFUL
[2021-03-04 21:40:09 INFO  ClientHandler: run 69] DOWNLOAD FILE SUCCESSFUL
[2021-03-04 21:40:10 INFO  ClientHandler: run 69] DOWNLOAD FILE SUCCESSFUL
[2021-03-04 21:40:24 INFO  ClientHandler: run 47] File removed
[2021-03-04 21:40:29 INFO  ClientHandler: run 47] File removed
[2021-03-04 21:40:32 INFO  ClientHandler: run 47] File removed
[2021-03-04 21:40:33 INFO  ClientHandler: run 47] File removed
[2021-03-04 21:40:46 INFO  ClientHandler: run 79] Client disconnected
